
> build@1.0.0 test
> vitest run --exclude '**/**.feature.test.**'


 RUN  v3.2.4 /Volumes/HestAI-Projects/eav-orchestrator/build

 ‚úì tests/repomix-ignore.test.ts (4 tests) 9ms
stdout | tests/unit/database/indexedDBQueue.simple.test.ts > IndexedDBQueue - Simple Tests > should initialize successfully
Running schema migrations from version 0 to 1
Applying schema migration for version 1

stdout | tests/unit/database/indexedDBQueue.test.ts > IndexedDBQueue > IndexedDB Queue Operations > should initialize IndexedDB with correct schema
Running schema migrations from version 0 to 1
Applying schema migration for version 1

stdout | tests/unit/monitoring/sentry.test.ts > Sentry Error Monitoring Integration > should initialize Sentry with correct configuration
Sentry initialized for test environment

stdout | tests/unit/monitoring/sentry.test.ts > Sentry Error Monitoring Integration > should configure performance monitoring with browser tracing
Sentry initialized for test environment

stdout | tests/unit/monitoring/sentry.test.ts > Sentry Error Monitoring Integration > should handle missing DSN gracefully
Sentry DSN not configured. Skipping Sentry initialization.

 ‚úì tests/unit/types/editor.test.ts (16 tests) 3ms
stdout | tests/unit/database/indexedDBQueue.test.ts > IndexedDBQueue > IndexedDB Queue Operations > should enqueue operations to IndexedDB
Running schema migrations from version 0 to 1
Applying schema migration for version 1

stdout | tests/unit/database/indexedDBQueue.test.ts > IndexedDBQueue > IndexedDB Queue Operations > should dequeue operations in FIFO order
Running schema migrations from version 0 to 1
Applying schema migration for version 1

stdout | tests/unit/database/indexedDBQueue.test.ts > IndexedDBQueue > IndexedDB Queue Operations > should peek at next operation without removing it
Running schema migrations from version 0 to 1
Applying schema migration for version 1

stdout | tests/unit/database/indexedDBQueue.test.ts > IndexedDBQueue > IndexedDB Queue Operations > should handle empty queue operations gracefully
Running schema migrations from version 0 to 1
Applying schema migration for version 1

stdout | tests/unit/database/indexedDBQueue.test.ts > IndexedDBQueue > IndexedDB Queue Operations > should clear all operations from queue
Running schema migrations from version 0 to 1
Applying schema migration for version 1

stdout | tests/unit/database/indexedDBQueue.simple.test.ts > IndexedDBQueue - Simple Tests > should handle basic enqueue operation
Running schema migrations from version 0 to 1
Applying schema migration for version 1

stdout | tests/unit/database/indexedDBQueue.simple.test.ts > IndexedDBQueue - Simple Tests > should handle basic size operation
Running schema migrations from version 0 to 1
Applying schema migration for version 1

 ‚úì tests/unit/monitoring/sentry.test.ts (7 tests) 38ms
 ‚úì tests/config.test.ts (12 tests) 3ms
 ‚úì tests/unit/database/indexedDBQueue.simple.test.ts (3 tests) 7ms
stderr | tests/unit/database/indexedDBQueue.test.ts > IndexedDBQueue > Fallback Chain Implementation > should fallback to localStorage when IndexedDB unavailable
IndexedDB initialization failed, falling back to localStorage: Error: IndexedDB not supported
    at [90m/Volumes/HestAI-Projects/eav-orchestrator/build/[39msrc/lib/database/indexedDBQueue.ts:131:16
    at new Promise (<anonymous>)
    at IndexedDBQueue.initializeIndexedDB [90m(/Volumes/HestAI-Projects/eav-orchestrator/build/[39msrc/lib/database/indexedDBQueue.ts:128:12[90m)[39m
    at IndexedDBQueue.initialize [90m(/Volumes/HestAI-Projects/eav-orchestrator/build/[39msrc/lib/database/indexedDBQueue.ts:97:18[90m)[39m
    at [90m/Volumes/HestAI-Projects/eav-orchestrator/build/[39mtests/unit/database/indexedDBQueue.test.ts:181:19
    at [90mfile:///Volumes/HestAI-Projects/eav-orchestrator/build/[39mnode_modules/[4m@vitest[24m/runner/dist/chunk-hooks.js:155:11
    at [90mfile:///Volumes/HestAI-Projects/eav-orchestrator/build/[39mnode_modules/[4m@vitest[24m/runner/dist/chunk-hooks.js:752:26
    at [90mfile:///Volumes/HestAI-Projects/eav-orchestrator/build/[39mnode_modules/[4m@vitest[24m/runner/dist/chunk-hooks.js:1897:20
    at new Promise (<anonymous>)
    at runWithTimeout [90m(file:///Volumes/HestAI-Projects/eav-orchestrator/build/[39mnode_modules/[4m@vitest[24m/runner/dist/chunk-hooks.js:1863:10[90m)[39m

stderr | tests/unit/database/indexedDBQueue.test.ts > IndexedDBQueue > Fallback Chain Implementation > should fallback to memory when both IndexedDB and localStorage fail
IndexedDB initialization failed, falling back to localStorage: Error: IndexedDB not supported
    at [90m/Volumes/HestAI-Projects/eav-orchestrator/build/[39msrc/lib/database/indexedDBQueue.ts:131:16
    at new Promise (<anonymous>)
    at IndexedDBQueue.initializeIndexedDB [90m(/Volumes/HestAI-Projects/eav-orchestrator/build/[39msrc/lib/database/indexedDBQueue.ts:128:12[90m)[39m
    at IndexedDBQueue.initialize [90m(/Volumes/HestAI-Projects/eav-orchestrator/build/[39msrc/lib/database/indexedDBQueue.ts:97:18[90m)[39m
    at [90m/Volumes/HestAI-Projects/eav-orchestrator/build/[39mtests/unit/database/indexedDBQueue.test.ts:197:19
    at [90mfile:///Volumes/HestAI-Projects/eav-orchestrator/build/[39mnode_modules/[4m@vitest[24m/runner/dist/chunk-hooks.js:155:11
    at [90mfile:///Volumes/HestAI-Projects/eav-orchestrator/build/[39mnode_modules/[4m@vitest[24m/runner/dist/chunk-hooks.js:752:26
    at [90mfile:///Volumes/HestAI-Projects/eav-orchestrator/build/[39mnode_modules/[4m@vitest[24m/runner/dist/chunk-hooks.js:1897:20
    at new Promise (<anonymous>)
    at runWithTimeout [90m(file:///Volumes/HestAI-Projects/eav-orchestrator/build/[39mnode_modules/[4m@vitest[24m/runner/dist/chunk-hooks.js:1863:10[90m)[39m
localStorage initialization failed, falling back to memory: Error: localStorage not available
    at IndexedDBQueue.initializeLocalStorage [90m(/Volumes/HestAI-Projects/eav-orchestrator/build/[39msrc/lib/database/indexedDBQueue.ts:233:13[90m)[39m
    at IndexedDBQueue.initialize [90m(/Volumes/HestAI-Projects/eav-orchestrator/build/[39msrc/lib/database/indexedDBQueue.ts:108:14[90m)[39m
    at [90m/Volumes/HestAI-Projects/eav-orchestrator/build/[39mtests/unit/database/indexedDBQueue.test.ts:197:7
    at [90mfile:///Volumes/HestAI-Projects/eav-orchestrator/build/[39mnode_modules/[4m@vitest[24m/runner/dist/chunk-hooks.js:752:20

stdout | tests/unit/database/indexedDBQueue.test.ts > IndexedDBQueue > Fallback Chain Implementation > should migrate data from localStorage to IndexedDB
Running schema migrations from version 0 to 1
Applying schema migration for version 1

stdout | tests/unit/database/indexedDBQueue.test.ts > IndexedDBQueue > Fallback Chain Implementation > should migrate data from localStorage to IndexedDB
Migrating 1 operations from localStorage to IndexedDB

stdout | tests/unit/database/indexedDBQueue.test.ts > IndexedDBQueue > Fallback Chain Implementation > should migrate data from localStorage to IndexedDB
Migration complete, localStorage cleared

stdout | tests/unit/database/indexedDBQueue.test.ts > IndexedDBQueue > Fallback Chain Implementation > should handle migration of corrupted localStorage data gracefully
Running schema migrations from version 0 to 1
Applying schema migration for version 1

stderr | tests/unit/database/indexedDBQueue.test.ts > IndexedDBQueue > Fallback Chain Implementation > should handle migration of corrupted localStorage data gracefully
Migration from localStorage failed: SyntaxError: Unexpected token 'i', "invalid-json-data" is not valid JSON
    at JSON.parse (<anonymous>)
    at IndexedDBQueue.migrateFromLocalStorage [90m(/Volumes/HestAI-Projects/eav-orchestrator/build/[39msrc/lib/database/indexedDBQueue.ts:265:32[90m)[39m
    at IndexedDBQueue.initialize [90m(/Volumes/HestAI-Projects/eav-orchestrator/build/[39msrc/lib/database/indexedDBQueue.ts:102:18[90m)[39m
[90m    at runNextTicks (node:internal/process/task_queues:65:5)[39m
[90m    at processImmediate (node:internal/timers:453:9)[39m
    at [90m/Volumes/HestAI-Projects/eav-orchestrator/build/[39mtests/unit/database/indexedDBQueue.test.ts:236:7
    at [90mfile:///Volumes/HestAI-Projects/eav-orchestrator/build/[39mnode_modules/[4m@vitest[24m/runner/dist/chunk-hooks.js:752:20

stdout | tests/unit/database/indexedDBQueue.test.ts > IndexedDBQueue > Error Handling and Resilience > should handle IndexedDB quota exceeded gracefully
Running schema migrations from version 0 to 1
Applying schema migration for version 1

 ‚úì tests/unit/types/scriptComponent.test.ts (13 tests) 3ms
 ‚ùØ tests/unit/collaboration/encoding.test.ts (17 tests | 4 failed) 7ms
   ‚úì Binary Encoding Utilities > encodeBinaryUpdate > should encode Uint8Array to base64 string 1ms
   ‚úì Binary Encoding Utilities > encodeBinaryUpdate > should handle empty arrays 0ms
   ‚úì Binary Encoding Utilities > encodeBinaryUpdate > should handle large binary data 0ms
   ‚úì Binary Encoding Utilities > encodeBinaryUpdate > should produce deterministic output 0ms
   ‚úì Binary Encoding Utilities > decodeBinaryUpdate > should decode base64 string to Uint8Array 0ms
   ‚úì Binary Encoding Utilities > decodeBinaryUpdate > should handle empty strings 0ms
   ‚úì Binary Encoding Utilities > decodeBinaryUpdate > should roundtrip with encoding 0ms
   ‚úì Binary Encoding Utilities > decodeBinaryUpdate > should throw error for invalid base64 0ms
   √ó Binary Encoding Utilities > validateBinaryUpdate > should validate correct Yjs update structure 3ms
     ‚Üí expected false to be true // Object.is equality
   ‚úì Binary Encoding Utilities > validateBinaryUpdate > should reject malformed update data 0ms
   ‚úì Binary Encoding Utilities > validateBinaryUpdate > should reject empty updates 0ms
   ‚úì Binary Encoding Utilities > validateBinaryUpdate > should handle maximum size limit 0ms
   √ó Binary Encoding Utilities > Yjs Integration > should encode and decode real Yjs updates 0ms
     ‚Üí expected '' to be 'Hello Yjs CRDT!' // Object.is equality
   √ó Binary Encoding Utilities > Yjs Integration > should preserve CRDT merge semantics 1ms
     ‚Üí expected 'User 1 edit' to be 'User 2 edit' // Object.is equality
   √ó Binary Encoding Utilities > Yjs Integration > should handle complex document structures 0ms
     ‚Üí doc.getArray is not a function
   ‚úì Binary Encoding Utilities > Error Handling > should provide detailed error messages 0ms
   ‚úì Binary Encoding Utilities > Error Handling > should handle null/undefined inputs gracefully 0ms
stderr | tests/unit/database/indexedDBQueue.test.ts > IndexedDBQueue > Error Handling and Resilience > should handle IndexedDB quota exceeded gracefully
IndexedDB initialization failed, falling back to localStorage: Error: IndexedDB open failed: undefined
    at Object.request.onerror [90m(/Volumes/HestAI-Projects/eav-orchestrator/build/[39msrc/lib/database/indexedDBQueue.ts:144:16[90m)[39m
    at Timeout._onTimeout [90m(/Volumes/HestAI-Projects/eav-orchestrator/build/[39mtests/unit/database/indexedDBQueue.test.ts:258:21[90m)[39m
[90m    at listOnTimeout (node:internal/timers:588:17)[39m
[90m    at processTimers (node:internal/timers:523:7)[39m

stdout | tests/unit/database/indexedDBQueue.test.ts > IndexedDBQueue > Error Handling and Resilience > should handle database corruption gracefully
Running schema migrations from version 0 to 1
Applying schema migration for version 1

stderr | tests/unit/database/indexedDBQueue.test.ts > IndexedDBQueue > Error Handling and Resilience > should handle database corruption gracefully
IndexedDB initialization failed, falling back to localStorage: Error: IndexedDB open failed: undefined
    at Object.request.onerror [90m(/Volumes/HestAI-Projects/eav-orchestrator/build/[39msrc/lib/database/indexedDBQueue.ts:144:16[90m)[39m
    at Timeout._onTimeout [90m(/Volumes/HestAI-Projects/eav-orchestrator/build/[39mtests/unit/database/indexedDBQueue.test.ts:293:21[90m)[39m
[90m    at listOnTimeout (node:internal/timers:588:17)[39m
[90m    at processTimers (node:internal/timers:523:7)[39m

stdout | tests/unit/database/indexedDBQueue.test.ts > IndexedDBQueue > Error Handling and Resilience > should maintain atomicity during operations
Running schema migrations from version 0 to 1
Applying schema migration for version 1

stdout | tests/unit/database/indexedDBQueue.test.ts > IndexedDBQueue > Performance Requirements > should handle large queue operations efficiently
Running schema migrations from version 0 to 1
Applying schema migration for version 1

 ‚úì tests/unit/ordering/fractionalIndex.test.ts (29 tests) 12ms
 ‚úì tests/unit/scripts/test-memory-monitor.test.ts (5 tests) 3ms
 ‚úì src/lib/supabase.test.ts (18 tests | 3 skipped) 7ms
 ‚úì tests/unit/resilience/retryWithBackoff.test.ts (17 tests) 17ms
stdout | tests/unit/database/indexedDBQueue.test.ts > IndexedDBQueue > Performance Requirements > should not block main thread during operations
Running schema migrations from version 0 to 1
Applying schema migration for version 1

 ‚úì tests/unit/database/scriptComponentManager.test.ts (12 tests) 6ms
stderr | tests/unit/database/indexedDBQueue.test.ts > IndexedDBQueue > Browser Compatibility > should handle private browsing mode gracefully
IndexedDB initialization failed, falling back to localStorage: Error: IndexedDB open failed: undefined
    at Object.request.onerror [90m(/Volumes/HestAI-Projects/eav-orchestrator/build/[39msrc/lib/database/indexedDBQueue.ts:144:16[90m)[39m
    at Timeout._onTimeout [90m(/Volumes/HestAI-Projects/eav-orchestrator/build/[39mtests/unit/database/indexedDBQueue.test.ts:398:21[90m)[39m
[90m    at listOnTimeout (node:internal/timers:588:17)[39m
[90m    at processTimers (node:internal/timers:523:7)[39m

stderr | tests/unit/database/indexedDBQueue.test.ts > IndexedDBQueue > Browser Compatibility > should work in environments without IndexedDB support
IndexedDB initialization failed, falling back to localStorage: Error: IndexedDB not supported
    at [90m/Volumes/HestAI-Projects/eav-orchestrator/build/[39msrc/lib/database/indexedDBQueue.ts:131:16
    at new Promise (<anonymous>)
    at IndexedDBQueue.initializeIndexedDB [90m(/Volumes/HestAI-Projects/eav-orchestrator/build/[39msrc/lib/database/indexedDBQueue.ts:128:12[90m)[39m
    at IndexedDBQueue.initialize [90m(/Volumes/HestAI-Projects/eav-orchestrator/build/[39msrc/lib/database/indexedDBQueue.ts:97:18[90m)[39m
    at [90m/Volumes/HestAI-Projects/eav-orchestrator/build/[39mtests/unit/database/indexedDBQueue.test.ts:419:19
    at [90mfile:///Volumes/HestAI-Projects/eav-orchestrator/build/[39mnode_modules/[4m@vitest[24m/runner/dist/chunk-hooks.js:155:11
    at [90mfile:///Volumes/HestAI-Projects/eav-orchestrator/build/[39mnode_modules/[4m@vitest[24m/runner/dist/chunk-hooks.js:752:26
    at [90mfile:///Volumes/HestAI-Projects/eav-orchestrator/build/[39mnode_modules/[4m@vitest[24m/runner/dist/chunk-hooks.js:1897:20
    at new Promise (<anonymous>)
    at runWithTimeout [90m(file:///Volumes/HestAI-Projects/eav-orchestrator/build/[39mnode_modules/[4m@vitest[24m/runner/dist/chunk-hooks.js:1863:10[90m)[39m

stdout | tests/unit/database/indexedDBQueue.test.ts > IndexedDBQueue > Schema Versioning & Migration > should initialize with current schema version
Running schema migrations from version 0 to 1
Applying schema migration for version 1

stdout | tests/unit/database/indexedDBQueue.test.ts > IndexedDBQueue > Schema Versioning & Migration > should handle schema version upgrades
Running schema migrations from version 0 to 1
Applying schema migration for version 1

stdout | tests/unit/database/indexedDBQueue.test.ts > IndexedDBQueue > Schema Versioning & Migration > should detect schema version mismatches
Running schema migrations from version 0 to 1
Applying schema migration for version 1

stdout | tests/unit/database/indexedDBQueue.test.ts > IndexedDBQueue > Schema Versioning & Migration > should provide schema migration information
Running schema migrations from version 0 to 1
Applying schema migration for version 1

stdout | tests/unit/database/indexedDBQueue.test.ts > IndexedDBQueue > Schema Versioning & Migration > should maintain data integrity during schema upgrades
Running schema migrations from version 0 to 1
Applying schema migration for version 1

stdout | tests/unit/database/indexedDBQueue.test.ts > IndexedDBQueue > Schema Versioning & Migration > should handle schema downgrade gracefully
Running schema migrations from version 0 to 1
Applying schema migration for version 1

stdout | tests/unit/database/indexedDBQueue.test.ts > IndexedDBQueue > Schema Versioning & Migration > should coordinate with ClientLifecycleManager schema versions
Running schema migrations from version 0 to 1
Applying schema migration for version 1

 ‚úì tests/unit/database/indexedDBQueue.test.ts (26 tests | 2 skipped) 170ms
stdout | tests/unit/components/ScriptEditor.paste.test.tsx > ScriptEditor Multi-Paragraph Paste > should process multi-paragraph paste and create multiple components
ScriptEditor: useEffect mount - provider exists: [33mfalse[39m initializing: [33mfalse[39m
ScriptEditor: Skipping initialization - missing config

stdout | tests/unit/components/ScriptEditor.paste.test.tsx > ScriptEditor Multi-Paragraph Paste > should respect the 18 component limit when pasting multiple paragraphs
ScriptEditor: useEffect mount - provider exists: [33mfalse[39m initializing: [33mfalse[39m
ScriptEditor: Skipping initialization - missing config

stdout | tests/unit/components/ScriptEditor.paste.test.tsx > ScriptEditor Multi-Paragraph Paste > should handle single paragraph paste normally (no component creation)
ScriptEditor: useEffect mount - provider exists: [33mfalse[39m initializing: [33mfalse[39m
ScriptEditor: Skipping initialization - missing config

stdout | tests/unit/components/ScriptEditor.paste.test.tsx > ScriptEditor Multi-Paragraph Paste > should handle empty paste content gracefully
ScriptEditor: useEffect mount - provider exists: [33mfalse[39m initializing: [33mfalse[39m
ScriptEditor: Skipping initialization - missing config

stdout | tests/unit/components/ScriptEditor.paste.test.tsx > ScriptEditor Multi-Paragraph Paste > should handle paste when onComponentAdd is not provided
ScriptEditor: useEffect mount - provider exists: [33mfalse[39m initializing: [33mfalse[39m
ScriptEditor: Skipping initialization - missing config

 ‚úì tests/unit/components/ScriptEditor.paste.test.tsx (5 tests) 35ms
stderr | tests/unit/components/ProjectHeader.test.tsx > Project Header > displays project code and title correctly
An update to AppContent inside a test was not wrapped in act(...).

When testing, code that causes React state updates should be wrapped into act(...):

act(() => {
  /* fire events that update state */
});
/* assert on the output */

This ensures that you're testing the behavior the user would see in the browser. Learn more at https://react.dev/link/wrap-tests-with-act
An update to AppContent inside a test was not wrapped in act(...).

When testing, code that causes React state updates should be wrapped into act(...):

act(() => {
  /* fire events that update state */
});
/* assert on the output */

This ensures that you're testing the behavior the user would see in the browser. Learn more at https://react.dev/link/wrap-tests-with-act
An update to AuthProvider inside a test was not wrapped in act(...).

When testing, code that causes React state updates should be wrapped into act(...):

act(() => {
  /* fire events that update state */
});
/* assert on the output */

This ensures that you're testing the behavior the user would see in the browser. Learn more at https://react.dev/link/wrap-tests-with-act

stderr | tests/unit/components/ProjectHeader.test.tsx > Project Header > displays project code and title correctly
An update to AppContent inside a test was not wrapped in act(...).

When testing, code that causes React state updates should be wrapped into act(...):

act(() => {
  /* fire events that update state */
});
/* assert on the output */

This ensures that you're testing the behavior the user would see in the browser. Learn more at https://react.dev/link/wrap-tests-with-act

stderr | tests/unit/components/ProjectHeader.test.tsx > Project Header > displays client information when available
Failed to load scripts: TypeError: componentManager.getAllScripts is not a function
    at loadScripts [90m(/Volumes/HestAI-Projects/eav-orchestrator/build/[39msrc/App.tsx:93:47[90m)[39m
    at [90m/Volumes/HestAI-Projects/eav-orchestrator/build/[39msrc/App.tsx:129:5
    at Object.react_stack_bottom_frame [90m(/Volumes/HestAI-Projects/eav-orchestrator/build/[39mnode_modules/[4mreact-dom[24m/cjs/react-dom-client.development.js:23953:20[90m)[39m
    at runWithFiberInDEV [90m(/Volumes/HestAI-Projects/eav-orchestrator/build/[39mnode_modules/[4mreact-dom[24m/cjs/react-dom-client.development.js:1522:13[90m)[39m
    at commitHookEffectListMount [90m(/Volumes/HestAI-Projects/eav-orchestrator/build/[39mnode_modules/[4mreact-dom[24m/cjs/react-dom-client.development.js:11905:29[90m)[39m
    at commitHookPassiveMountEffects [90m(/Volumes/HestAI-Projects/eav-orchestrator/build/[39mnode_modules/[4mreact-dom[24m/cjs/react-dom-client.development.js:12028:11[90m)[39m
    at commitPassiveMountOnFiber [90m(/Volumes/HestAI-Projects/eav-orchestrator/build/[39mnode_modules/[4mreact-dom[24m/cjs/react-dom-client.development.js:13841:13[90m)[39m
    at recursivelyTraversePassiveMountEffects [90m(/Volumes/HestAI-Projects/eav-orchestrator/build/[39mnode_modules/[4mreact-dom[24m/cjs/react-dom-client.development.js:13815:11[90m)[39m
    at commitPassiveMountOnFiber [90m(/Volumes/HestAI-Projects/eav-orchestrator/build/[39mnode_modules/[4mreact-dom[24m/cjs/react-dom-client.development.js:13957:11[90m)[39m
    at recursivelyTraversePassiveMountEffects [90m(/Volumes/HestAI-Projects/eav-orchestrator/build/[39mnode_modules/[4mreact-dom[24m/cjs/react-dom-client.development.js:13815:11[90m)[39m

stderr | tests/unit/components/ProjectHeader.test.tsx > Project Header > displays client information when available
An update to AuthProvider inside a test was not wrapped in act(...).

When testing, code that causes React state updates should be wrapped into act(...):

act(() => {
  /* fire events that update state */
});
/* assert on the output */

This ensures that you're testing the behavior the user would see in the browser. Learn more at https://react.dev/link/wrap-tests-with-act

stderr | tests/unit/components/ProjectHeader.test.tsx > Project Header > displays client information when available
An update to AppContent inside a test was not wrapped in act(...).

When testing, code that causes React state updates should be wrapped into act(...):

act(() => {
  /* fire events that update state */
});
/* assert on the output */

This ensures that you're testing the behavior the user would see in the browser. Learn more at https://react.dev/link/wrap-tests-with-act

 ‚úì tests/unit/api/version.test.ts (5 tests) 2ms
 ‚úì tests/unit/types/ui/scriptComponent.test.ts (6 tests) 2ms
 ‚úì tests/build-system.test.ts (8 tests) 2ms
 ‚úì tests/unit/transformers.test.ts (4 tests) 2ms
stderr | tests/unit/components/ProjectHeader.test.tsx > Project Header > displays project phase badge when available
Failed to load scripts: TypeError: componentManager.getAllScripts is not a function
    at loadScripts [90m(/Volumes/HestAI-Projects/eav-orchestrator/build/[39msrc/App.tsx:93:47[90m)[39m
    at [90m/Volumes/HestAI-Projects/eav-orchestrator/build/[39msrc/App.tsx:129:5
    at Object.react_stack_bottom_frame [90m(/Volumes/HestAI-Projects/eav-orchestrator/build/[39mnode_modules/[4mreact-dom[24m/cjs/react-dom-client.development.js:23953:20[90m)[39m
    at runWithFiberInDEV [90m(/Volumes/HestAI-Projects/eav-orchestrator/build/[39mnode_modules/[4mreact-dom[24m/cjs/react-dom-client.development.js:1522:13[90m)[39m
    at commitHookEffectListMount [90m(/Volumes/HestAI-Projects/eav-orchestrator/build/[39mnode_modules/[4mreact-dom[24m/cjs/react-dom-client.development.js:11905:29[90m)[39m
    at commitHookPassiveMountEffects [90m(/Volumes/HestAI-Projects/eav-orchestrator/build/[39mnode_modules/[4mreact-dom[24m/cjs/react-dom-client.development.js:12028:11[90m)[39m
    at commitPassiveMountOnFiber [90m(/Volumes/HestAI-Projects/eav-orchestrator/build/[39mnode_modules/[4mreact-dom[24m/cjs/react-dom-client.development.js:13841:13[90m)[39m
    at recursivelyTraversePassiveMountEffects [90m(/Volumes/HestAI-Projects/eav-orchestrator/build/[39mnode_modules/[4mreact-dom[24m/cjs/react-dom-client.development.js:13815:11[90m)[39m
    at commitPassiveMountOnFiber [90m(/Volumes/HestAI-Projects/eav-orchestrator/build/[39mnode_modules/[4mreact-dom[24m/cjs/react-dom-client.development.js:13957:11[90m)[39m
    at recursivelyTraversePassiveMountEffects [90m(/Volumes/HestAI-Projects/eav-orchestrator/build/[39mnode_modules/[4mreact-dom[24m/cjs/react-dom-client.development.js:13815:11[90m)[39m

stderr | tests/unit/components/ProjectHeader.test.tsx > Project Header > displays project phase badge when available
An update to AuthProvider inside a test was not wrapped in act(...).

When testing, code that causes React state updates should be wrapped into act(...):

act(() => {
  /* fire events that update state */
});
/* assert on the output */

This ensures that you're testing the behavior the user would see in the browser. Learn more at https://react.dev/link/wrap-tests-with-act

stderr | tests/unit/components/ProjectHeader.test.tsx > Project Header > displays project phase badge when available
An update to AppContent inside a test was not wrapped in act(...).

When testing, code that causes React state updates should be wrapped into act(...):

act(() => {
  /* fire events that update state */
});
/* assert on the output */

This ensures that you're testing the behavior the user would see in the browser. Learn more at https://react.dev/link/wrap-tests-with-act

 ‚úì tests/unit/assets.test.ts (3 tests) 2ms
 ‚úì tests/unit/api/transformers.test.ts (4 tests) 2ms
stderr | tests/unit/components/ProjectHeader.test.tsx > Project Header > displays script editor version info
Failed to load scripts: TypeError: componentManager.getAllScripts is not a function
    at loadScripts [90m(/Volumes/HestAI-Projects/eav-orchestrator/build/[39msrc/App.tsx:93:47[90m)[39m
    at [90m/Volumes/HestAI-Projects/eav-orchestrator/build/[39msrc/App.tsx:129:5
    at Object.react_stack_bottom_frame [90m(/Volumes/HestAI-Projects/eav-orchestrator/build/[39mnode_modules/[4mreact-dom[24m/cjs/react-dom-client.development.js:23953:20[90m)[39m
    at runWithFiberInDEV [90m(/Volumes/HestAI-Projects/eav-orchestrator/build/[39mnode_modules/[4mreact-dom[24m/cjs/react-dom-client.development.js:1522:13[90m)[39m
    at commitHookEffectListMount [90m(/Volumes/HestAI-Projects/eav-orchestrator/build/[39mnode_modules/[4mreact-dom[24m/cjs/react-dom-client.development.js:11905:29[90m)[39m
    at commitHookPassiveMountEffects [90m(/Volumes/HestAI-Projects/eav-orchestrator/build/[39mnode_modules/[4mreact-dom[24m/cjs/react-dom-client.development.js:12028:11[90m)[39m
    at commitPassiveMountOnFiber [90m(/Volumes/HestAI-Projects/eav-orchestrator/build/[39mnode_modules/[4mreact-dom[24m/cjs/react-dom-client.development.js:13841:13[90m)[39m
    at recursivelyTraversePassiveMountEffects [90m(/Volumes/HestAI-Projects/eav-orchestrator/build/[39mnode_modules/[4mreact-dom[24m/cjs/react-dom-client.development.js:13815:11[90m)[39m
    at commitPassiveMountOnFiber [90m(/Volumes/HestAI-Projects/eav-orchestrator/build/[39mnode_modules/[4mreact-dom[24m/cjs/react-dom-client.development.js:13957:11[90m)[39m
    at recursivelyTraversePassiveMountEffects [90m(/Volumes/HestAI-Projects/eav-orchestrator/build/[39mnode_modules/[4mreact-dom[24m/cjs/react-dom-client.development.js:13815:11[90m)[39m

stderr | tests/unit/components/ProjectHeader.test.tsx > Project Header > displays script editor version info
An update to AuthProvider inside a test was not wrapped in act(...).

When testing, code that causes React state updates should be wrapped into act(...):

act(() => {
  /* fire events that update state */
});
/* assert on the output */

This ensures that you're testing the behavior the user would see in the browser. Learn more at https://react.dev/link/wrap-tests-with-act

stderr | tests/unit/components/ProjectHeader.test.tsx > Project Header > displays script editor version info
An update to AppContent inside a test was not wrapped in act(...).

When testing, code that causes React state updates should be wrapped into act(...):

act(() => {
  /* fire events that update state */
});
/* assert on the output */

This ensures that you're testing the behavior the user would see in the browser. Learn more at https://react.dev/link/wrap-tests-with-act

 ‚úì tests/unit/components/ProjectHeader.test.tsx (4 tests) 207ms

‚éØ‚éØ‚éØ‚éØ‚éØ‚éØ‚éØ Failed Tests 4 ‚éØ‚éØ‚éØ‚éØ‚éØ‚éØ‚éØ

 FAIL  tests/unit/collaboration/encoding.test.ts > Binary Encoding Utilities > validateBinaryUpdate > should validate correct Yjs update structure
AssertionError: expected false to be true // Object.is equality

[32m- Expected[39m
[31m+ Received[39m

[32m- true[39m
[31m+ false[39m

 ‚ùØ tests/unit/collaboration/encoding.test.ts:104:23
    102|       const isValid = validateBinaryUpdate(validUpdate);
    103|       
    104|       expect(isValid).toBe(true);
       |                       ^
    105|     });
    106| 

‚éØ‚éØ‚éØ‚éØ‚éØ‚éØ‚éØ‚éØ‚éØ‚éØ‚éØ‚éØ‚éØ‚éØ‚éØ‚éØ‚éØ‚éØ‚éØ‚éØ‚éØ‚éØ‚éØ‚éØ[1/4]‚éØ

 FAIL  tests/unit/collaboration/encoding.test.ts > Binary Encoding Utilities > Yjs Integration > should encode and decode real Yjs updates
AssertionError: expected '' to be 'Hello Yjs CRDT!' // Object.is equality

[32m- Expected[39m
[31m+ Received[39m

[32m- Hello Yjs CRDT![39m

 ‚ùØ tests/unit/collaboration/encoding.test.ts:151:50
    149|       
    150|       // Verify synchronization
    151|       expect(doc2.getText('content').toString()).toBe('Hello Yjs CRDT!‚Ä¶
       |                                                  ^
    152|     });
    153| 

‚éØ‚éØ‚éØ‚éØ‚éØ‚éØ‚éØ‚éØ‚éØ‚éØ‚éØ‚éØ‚éØ‚éØ‚éØ‚éØ‚éØ‚éØ‚éØ‚éØ‚éØ‚éØ‚éØ‚éØ[2/4]‚éØ

 FAIL  tests/unit/collaboration/encoding.test.ts > Binary Encoding Utilities > Yjs Integration > should preserve CRDT merge semantics
AssertionError: expected 'User 1 edit' to be 'User 2 edit' // Object.is equality

Expected: [32m"User [7m2[27m edit"[39m
Received: [31m"User [7m1[27m edit"[39m

 ‚ùØ tests/unit/collaboration/encoding.test.ts:174:50
    172|       
    173|       // Both documents should converge to same state
    174|       expect(doc1.getText('content').toString()).toBe(doc2.getText('co‚Ä¶
       |                                                  ^
    175|     });
    176| 

‚éØ‚éØ‚éØ‚éØ‚éØ‚éØ‚éØ‚éØ‚éØ‚éØ‚éØ‚éØ‚éØ‚éØ‚éØ‚éØ‚éØ‚éØ‚éØ‚éØ‚éØ‚éØ‚éØ‚éØ[3/4]‚éØ

 FAIL  tests/unit/collaboration/encoding.test.ts > Binary Encoding Utilities > Yjs Integration > should handle complex document structures
TypeError: doc.getArray is not a function
 ‚ùØ tests/unit/collaboration/encoding.test.ts:181:26
    179|       
    180|       // Create complex nested structure
    181|       const yarray = doc.getArray('items');
       |                          ^
    182|       const ymap = doc.getMap('metadata');
    183|       const ytext = doc.getText('content');

‚éØ‚éØ‚éØ‚éØ‚éØ‚éØ‚éØ‚éØ‚éØ‚éØ‚éØ‚éØ‚éØ‚éØ‚éØ‚éØ‚éØ‚éØ‚éØ‚éØ‚éØ‚éØ‚éØ‚éØ[4/4]‚éØ


 Test Files  1 failed | 20 passed (21)
      Tests  4 failed | 209 passed | 5 skipped (218)
   Start at  10:58:22
   Duration  1.16s (transform 515ms, setup 1.96s, collect 1.13s, tests 540ms, environment 5.28s, prepare 746ms)

