
> build@1.0.0 typecheck
> tsc --noEmit

tests/unit/scripts/test-memory-monitor.test.ts(1,32): error TS6133: 'vi' is declared but its value is never read.
tests/unit/scripts/test-memory-monitor.test.ts(3,1): error TS6133: 'execSync' is declared but its value is never read.
